%!Adobe-FontList 1.18
%Locale:0x409

%BeginFont
Handler:DirectoryHandler
FontType:TrueType
FontName:BodoniSvtyTwoITCTT-Book
FamilyName:Bodoni 72
StyleName:Book
MenuName:Bodoni 72
StyleBits:0
WeightClass:400
WidthClass:5
AngleClass:0
FullName:Bodoni 72 Book
WritingScript:Roman
OutlineFileName:\Bodoni 72.ttc
TTCOffset:36
DataFormat:sfntData
hasSVG:no
FileLength:416692
FileModTime:1410288805
NameArray:0,Mac,4,Bodoni 72 Book
NameArray:0,Win,1,Bodoni 72
%EndFont

%BeginFont
Handler:DirectoryHandler
FontType:TrueType
FontName:BodoniSvtyTwoITCTT-BookIta
FamilyName:Bodoni 72
StyleName:Book Italic
MenuName:Bodoni 72
StyleBits:1
WeightClass:400
WidthClass:5
AngleClass:1
FullName:Bodoni 72 Book Italic
WritingScript:Roman
OutlineFileName:\Bodoni 72.ttc
TTCOffset:288
DataFormat:sfntData
hasSVG:no
FileLength:416692
FileModTime:1410288805
NameArray:0,Mac,4,Bodoni 72 Book Italic
NameArray:0,Win,1,Bodoni 72
%EndFont

%BeginFont
Handler:DirectoryHandler
FontType:TrueType
FontName:BodoniSvtyTwoITCTT-Bold
FamilyName:Bodoni 72
StyleName:Bold
MenuName:Bodoni 72
StyleBits:2
WeightClass:700
WidthClass:5
AngleClass:0
FullName:Bodoni 72 Bold
WritingScript:Roman
OutlineFileName:\Bodoni 72.ttc
TTCOffset:540
DataFormat:sfntData
hasSVG:no
FileLength:416692
FileModTime:1410288805
NameArray:0,Mac,4,Bodoni 72 Bold
NameArray:0,Win,1,Bodoni 72
%EndFont

%BeginFont
Handler:DirectoryHandler
FontType:TrueType
FontName:Candara
FamilyName:Candara
StyleName:Regular
MenuName:Candara
StyleBits:0
WeightClass:400
WidthClass:5
AngleClass:0
FullName:Candara
WritingScript:Roman
OutlineFileName:\Candara.ttf
DataFormat:sfntData
hasSVG:no
FileLength:215736
FileModTime:1339815600
NameArray:0,Mac,4,Candara
NameArray:0,Win,1,Candara
%EndFont

